Successfully Connected to Local Mongo!
[0mGET / [36m304 [0m19.919 ms - -[0m
[0mGET /stylesheets/style.css [36m304 [0m2.961 ms - -[0m
[0mGET /c2/index.html [36m304 [0m1.200 ms - -[0m
[0mGET /c2/index.html [36m304 [0m0.924 ms - -[0m
[0mGET /c2/vendor/bootstrap/css/bootstrap.min.css [36m304 [0m0.945 ms - -[0m
[0mGET /c2/vendor/animate-css/animate.css [36m304 [0m0.911 ms - -[0m
[0mGET /c2/vendor/fontawesome/css/font-awesome.min.css [36m304 [0m0.849 ms - -[0m
[0mGET /c2/vendor/ng-tags-input/ng-tags-input.bootstrap.min.css [36m304 [0m1.188 ms - -[0m
[0mGET /c2/vendor/ng-tags-input/ng-tags-input.min.css [36m304 [0m1.442 ms - -[0m
[0mGET /c2/vendor/loadingbar/loading-bar.min.css [36m304 [0m1.494 ms - -[0m
[0mGET /c2/vendor/themify-icons/themify-icons.min.css [36m304 [0m1.471 ms - -[0m
[0mGET /c2/assets/css/styles.css [36m304 [0m1.086 ms - -[0m
[0mGET /c2/vendor/angular/angular-animate.min.js [36m304 [0m0.699 ms - -[0m
[0mGET /c2/vendor/angular/angular-ui-router.min.js [36m304 [0m2.855 ms - -[0m
[0mGET /c2/assets/css/plugins.css [36m304 [0m1.238 ms - -[0m
[0mGET /c2/vendor/angular/angular-cookies.min.js [36m304 [0m1.218 ms - -[0m
[0mGET /c2/vendor/fastclick/fastclick.min.js [36m304 [0m2.723 ms - -[0m
[0mGET /c2/vendor/angular/angular.min.js [36m304 [0m2.646 ms - -[0m
[0mGET /c2/vendor/jquery/jquery.min.js [36m304 [0m1.532 ms - -[0m
[0mGET /c2/vendor/angular/angular-touch.min.js [36m304 [0m0.932 ms - -[0m
[0mGET /c2/vendor/angular/angular-sanitize.min.js [36m304 [0m0.928 ms - -[0m
[0mGET /c2/vendor/angularstorage/ngStorage.min.js [36m304 [0m0.653 ms - -[0m
[0mGET /c2/vendor/angulartranslate/angular-translate.min.js [36m304 [0m1.256 ms - -[0m
[0mGET /c2/vendor/angulartranslate/angular-translate-loader-url.min.js [36m304 [0m1.233 ms - -[0m
[0mGET /c2/vendor/angulartranslate/angular-translate-loader-static-files.min.js [36m304 [0m1.220 ms - -[0m
[0mGET /c2/vendor/angulartranslate/angular-translate-storage-local.min.js [36m304 [0m1.023 ms - -[0m
[0mGET /c2/vendor/angular-scroll/angular-scroll.min.js [36m304 [0m0.685 ms - -[0m
[0mGET /c2/vendor/angulartranslate/angular-translate-storage-cookie.min.js [36m304 [0m2.006 ms - -[0m
[0mGET /c2/vendor/oclazyload/ocLazyLoad.min.js [36m304 [0m1.317 ms - -[0m
[0mGET /c2/vendor/bootstrap/js/ui-bootstrap-tpls-0.12.1.min.js [36m304 [0m3.007 ms - -[0m
[0mGET /c2/vendor/angular-breadcrumb/angular-breadcrumb.min.js [36m304 [0m2.411 ms - -[0m
[0mGET /c2/vendor/loadingbar/loading-bar.min.js [36m304 [0m2.094 ms - -[0m
[0mGET /c2/vendor/ng-tags-input/ng-tags-input.min.js [36m304 [0m1.473 ms - -[0m
[0mGET /c2/assets/js/directives/toggle.js [36m304 [0m0.652 ms - -[0m
[0mGET /c2/assets/js/app.js [36m304 [0m1.685 ms - -[0m
[0mGET /c2/assets/js/config.constant.js [36m304 [0m1.371 ms - -[0m
[0mGET /c2/assets/js/main.js [36m304 [0m1.321 ms - -[0m
[0mGET /c2/assets/js/config.router.js [36m304 [0m1.641 ms - -[0m
[0mGET /c2/assets/js/controllers/loginCtrl.js [36m304 [0m0.574 ms - -[0m
[0mGET /c2/assets/js/directives/empty-links.js [36m304 [0m0.558 ms - -[0m
[0mGET /c2/assets/js/directives/dismiss.js [36m304 [0m0.564 ms - -[0m
[0mGET /c2/assets/js/directives/off-click.js [36m304 [0m0.786 ms - -[0m
[0mGET /c2/assets/js/directives/sidebars.js [36m304 [0m0.456 ms - -[0m
[0mGET /c2/assets/js/directives/full-height.js [36m304 [0m1.874 ms - -[0m
[0mGET /c2/assets/js/directives/panel-tools.js [36m304 [0m2.217 ms - -[0m
[0mGET /c2/assets/js/directives/char-limit.js [36m304 [0m2.129 ms - -[0m
[0mGET /c2/assets/js/directives/compare-to.js [36m304 [0m1.929 ms - -[0m
[0mGET /c2/assets/js/directives/select.js [36m304 [0m0.998 ms - -[0m
[0mGET /c2/assets/js/directives/messages.js [36m304 [0m1.338 ms - -[0m
[0mGET /c2/assets/js/directives/chat.js [36m304 [0m1.278 ms - -[0m
[0mGET /c2/assets/js/controllers/mainCtrl.js [36m304 [0m1.312 ms - -[0m
[0mGET /c2/assets/js/controllers/bootstrapCtrl.js [36m304 [0m1.434 ms - -[0m
[0mGET /c2/assets/i18n/en.json [36m304 [0m0.914 ms - -[0m
[0mGET /c2/assets/css/themes/theme-1.css [36m304 [0m1.060 ms - -[0m
[0mGET /c2/assets/js/controllers/loginInterceptCtrl.js [36m304 [0m1.148 ms - -[0m
[0mGET /c2/assets/views/login_login.html [36m304 [0m1.048 ms - -[0m
[0mGET /c2/vendor/fontawesome/fonts/fontawesome-webfont.woff?v=4.2.0 [36m304 [0m0.593 ms - -[0m
[0mGET /c2/assets/images/logo.png [36m304 [0m0.422 ms - -[0m
[0mGET /c2/index.html [32m200 [0m3.625 ms - 5858[0m
[0mGET /c2/vendor/bootstrap/css/bootstrap.min.css [36m304 [0m0.875 ms - -[0m
[0mGET /c2/vendor/loadingbar/loading-bar.min.css [36m304 [0m1.933 ms - -[0m
[0mGET /c2/vendor/themify-icons/themify-icons.min.css [36m304 [0m1.296 ms - -[0m
[0mGET /c2/vendor/fontawesome/css/font-awesome.min.css [36m304 [0m1.555 ms - -[0m
[0mGET /c2/vendor/ng-tags-input/ng-tags-input.min.css [36m304 [0m0.791 ms - -[0m
[0mGET /c2/vendor/ng-tags-input/ng-tags-input.bootstrap.min.css [36m304 [0m2.095 ms - -[0m
[0mGET /c2/assets/css/plugins.css [36m304 [0m2.349 ms - -[0m
[0mGET /c2/vendor/animate-css/animate.css [36m304 [0m1.411 ms - -[0m
[0mGET /c2/vendor/fastclick/fastclick.min.js [36m304 [0m1.342 ms - -[0m
[0mGET /c2/assets/css/styles.css [36m304 [0m1.564 ms - -[0m
[0mGET /c2/vendor/jquery/jquery.min.js [36m304 [0m1.489 ms - -[0m
[0mGET /c2/vendor/angular/angular.min.js [36m304 [0m1.583 ms - -[0m
[0mGET /c2/vendor/angular/angular-cookies.min.js [36m304 [0m0.902 ms - -[0m
[0mGET /c2/vendor/angular/angular-touch.min.js [36m304 [0m0.870 ms - -[0m
[0mGET /c2/vendor/angular/angular-sanitize.min.js [36m304 [0m0.999 ms - -[0m
[0mGET /c2/vendor/angular/angular-animate.min.js [36m304 [0m1.395 ms - -[0m
[0mGET /c2/vendor/angularstorage/ngStorage.min.js [36m304 [0m1.104 ms - -[0m
[0mGET /c2/vendor/angular/angular-ui-router.min.js [36m304 [0m1.103 ms - -[0m
[0mGET /c2/vendor/angulartranslate/angular-translate.min.js [36m304 [0m0.647 ms - -[0m
[0mGET /c2/vendor/angulartranslate/angular-translate-loader-static-files.min.js [36m304 [0m1.463 ms - -[0m
[0mGET /c2/vendor/angulartranslate/angular-translate-loader-url.min.js [36m304 [0m1.336 ms - -[0m
[0mGET /c2/vendor/angulartranslate/angular-translate-storage-local.min.js [36m304 [0m0.880 ms - -[0m
[0mGET /c2/vendor/angulartranslate/angular-translate-storage-cookie.min.js [36m304 [0m1.214 ms - -[0m
[0mGET /c2/vendor/oclazyload/ocLazyLoad.min.js [36m304 [0m0.575 ms - -[0m
[0mGET /c2/vendor/angular-breadcrumb/angular-breadcrumb.min.js [36m304 [0m0.380 ms - -[0m
[0mGET /c2/vendor/loadingbar/loading-bar.min.js [36m304 [0m1.023 ms - -[0m
[0mGET /c2/vendor/angular-scroll/angular-scroll.min.js [36m304 [0m1.136 ms - -[0m
[0mGET /c2/vendor/bootstrap/js/ui-bootstrap-tpls-0.12.1.min.js [36m304 [0m0.809 ms - -[0m
[0mGET /c2/vendor/ng-tags-input/ng-tags-input.min.js [36m304 [0m0.633 ms - -[0m
[0mGET /c2/assets/js/app.js [36m304 [0m0.676 ms - -[0m
[0mGET /c2/assets/js/main.js [36m304 [0m0.406 ms - -[0m
[0mGET /c2/assets/js/config.constant.js [36m304 [0m0.845 ms - -[0m
[0mGET /c2/assets/js/controllers/loginCtrl.js [36m304 [0m0.915 ms - -[0m
[0mGET /c2/assets/js/config.router.js [36m304 [0m0.784 ms - -[0m
[0mGET /c2/assets/js/directives/toggle.js [36m304 [0m0.903 ms - -[0m
[0mGET /c2/assets/js/directives/empty-links.js [36m304 [0m0.910 ms - -[0m
[0mGET /c2/assets/js/directives/sidebars.js [36m304 [0m1.316 ms - -[0m
[0mGET /c2/assets/js/directives/dismiss.js [36m304 [0m2.508 ms - -[0m
[0mGET /c2/assets/js/directives/compare-to.js [36m304 [0m1.379 ms - -[0m
[0mGET /c2/assets/js/directives/off-click.js [36m304 [0m2.870 ms - -[0m
[0mGET /c2/assets/js/directives/panel-tools.js [36m304 [0m4.271 ms - -[0m
[0mGET /c2/assets/js/directives/full-height.js [36m304 [0m3.673 ms - -[0m
[0mGET /c2/assets/js/directives/char-limit.js [36m304 [0m3.683 ms - -[0m
[0mGET /c2/assets/js/directives/messages.js [36m304 [0m0.739 ms - -[0m
[0mGET /c2/assets/js/directives/select.js [36m304 [0m0.582 ms - -[0m
[0mGET /c2/assets/js/directives/chat.js [36m304 [0m0.627 ms - -[0m
[0mGET /c2/assets/js/controllers/mainCtrl.js [36m304 [0m0.787 ms - -[0m
[0mGET /c2/assets/js/controllers/bootstrapCtrl.js [36m304 [0m0.812 ms - -[0m
[0mGET /c2/assets/i18n/en.json [36m304 [0m0.769 ms - -[0m
[0mGET /c2/assets/css/themes/theme-1.css [36m304 [0m0.762 ms - -[0m
[0mGET /c2/assets/js/controllers/loginInterceptCtrl.js [36m304 [0m1.369 ms - -[0m
[0mGET /c2/assets/views/login_login.html [36m304 [0m1.322 ms - -[0m
[0mGET /c2/assets/images/logo.png [36m304 [0m0.802 ms - -[0m
